running develop
running egg_info
creating formation_task.egg-info
writing formation_task.egg-info/PKG-INFO
writing dependency_links to formation_task.egg-info/dependency_links.txt
writing entry points to formation_task.egg-info/entry_points.txt
writing requirements to formation_task.egg-info/requires.txt
writing top-level names to formation_task.egg-info/top_level.txt
writing manifest file 'formation_task.egg-info/SOURCES.txt'
reading manifest file 'formation_task.egg-info/SOURCES.txt'
writing manifest file 'formation_task.egg-info/SOURCES.txt'
running build_ext
Creating /home/alessandro/PycharmProjects/Distributed_Autonomous_Systems_Project/Formation_Control_task/Formation_Control_task_ROS2/install/formation_task/lib/python3.8/site-packages/site.py
Creating /home/alessandro/PycharmProjects/Distributed_Autonomous_Systems_Project/Formation_Control_task/Formation_Control_task_ROS2/install/formation_task/lib/python3.8/site-packages/formation-task.egg-link (link to .)
Installing agent_i script to /home/alessandro/PycharmProjects/Distributed_Autonomous_Systems_Project/Formation_Control_task/Formation_Control_task_ROS2/install/formation_task/lib/formation_task

Installed /home/alessandro/PycharmProjects/Distributed_Autonomous_Systems_Project/Formation_Control_task/Formation_Control_task_ROS2/build/formation_task
running install_data
creating /home/alessandro/PycharmProjects/Distributed_Autonomous_Systems_Project/Formation_Control_task/Formation_Control_task_ROS2/install/formation_task/share/ament_index
creating /home/alessandro/PycharmProjects/Distributed_Autonomous_Systems_Project/Formation_Control_task/Formation_Control_task_ROS2/install/formation_task/share/ament_index/resource_index
creating /home/alessandro/PycharmProjects/Distributed_Autonomous_Systems_Project/Formation_Control_task/Formation_Control_task_ROS2/install/formation_task/share/ament_index/resource_index/packages
copying resource/formation_task -> /home/alessandro/PycharmProjects/Distributed_Autonomous_Systems_Project/Formation_Control_task/Formation_Control_task_ROS2/install/formation_task/share/ament_index/resource_index/packages
copying package.xml -> /home/alessandro/PycharmProjects/Distributed_Autonomous_Systems_Project/Formation_Control_task/Formation_Control_task_ROS2/install/formation_task/share/formation_task
copying launch/formation.launch.py -> /home/alessandro/PycharmProjects/Distributed_Autonomous_Systems_Project/Formation_Control_task/Formation_Control_task_ROS2/install/formation_task/share/formation_task
