[0.100s] DEBUG:colcon:Command line arguments: ['/usr/bin/colcon', 'build', '--symlink-install']
[0.101s] DEBUG:colcon:Parsed command line arguments: Namespace(allow_overriding=[], ament_cmake_args=None, base_paths=['.'], build_base='build', catkin_cmake_args=None, catkin_skip_building_tests=False, cmake_args=None, cmake_clean_cache=False, cmake_clean_first=False, cmake_force_configure=False, cmake_target=None, cmake_target_skip_unavailable=False, continue_on_error=False, event_handlers=None, executor='parallel', ignore_user_meta=False, install_base='install', log_base=None, log_level=None, main=<bound method BuildVerb.main of <colcon_core.verb.build.BuildVerb object at 0x7f62227d1160>>, merge_install=False, metas=['./colcon.meta'], packages_above=None, packages_above_and_dependencies=None, packages_above_depth=None, packages_end=None, packages_ignore=None, packages_ignore_regex=None, packages_select=None, packages_select_build_failed=False, packages_select_by_dep=None, packages_select_regex=None, packages_select_test_failures=False, packages_skip=None, packages_skip_build_finished=False, packages_skip_by_dep=None, packages_skip_regex=None, packages_skip_test_passed=False, packages_skip_up_to=None, packages_start=None, packages_up_to=None, packages_up_to_regex=None, parallel_workers=16, paths=None, symlink_install=True, test_result_base=None, verb_extension=<colcon_core.verb.build.BuildVerb object at 0x7f62227d1160>, verb_name='build', verb_parser=<colcon_defaults.argument_parser.defaults.DefaultArgumentsDecorator object at 0x7f62227d16a0>)
[0.118s] Level 1:colcon.colcon_core.package_discovery:discover_packages(colcon_meta) check parameters
[0.118s] Level 1:colcon.colcon_core.package_discovery:discover_packages(recursive) check parameters
[0.118s] Level 1:colcon.colcon_core.package_discovery:discover_packages(ignore) check parameters
[0.118s] Level 1:colcon.colcon_core.package_discovery:discover_packages(path) check parameters
[0.118s] Level 1:colcon.colcon_core.package_discovery:discover_packages(colcon_meta) discover
[0.119s] Level 1:colcon.colcon_core.package_discovery:discover_packages(recursive) discover
[0.119s] INFO:colcon.colcon_core.package_discovery:Crawling recursively for packages in '/home/alessandro/PycharmProjects/Distributed_Autonomous_Systems_Project/Formation_Control_task/Formation_Control_task_ROS2'
[0.119s] Level 1:colcon.colcon_core.package_identification:_identify(.) by extensions ['ignore', 'ignore_ament_install']
[0.119s] Level 1:colcon.colcon_core.package_identification:_identify(.) by extension 'ignore'
[0.119s] Level 1:colcon.colcon_core.package_identification:_identify(.) by extension 'ignore_ament_install'
[0.119s] Level 1:colcon.colcon_core.package_identification:_identify(.) by extensions ['colcon_pkg']
[0.119s] Level 1:colcon.colcon_core.package_identification:_identify(.) by extension 'colcon_pkg'
[0.119s] Level 1:colcon.colcon_core.package_identification:_identify(.) by extensions ['colcon_meta']
[0.119s] Level 1:colcon.colcon_core.package_identification:_identify(.) by extension 'colcon_meta'
[0.119s] Level 1:colcon.colcon_core.package_identification:_identify(.) by extensions ['ros']
[0.119s] Level 1:colcon.colcon_core.package_identification:_identify(.) by extension 'ros'
[0.128s] Level 1:colcon.colcon_core.package_identification:_identify(.) by extensions ['cmake', 'python']
[0.128s] Level 1:colcon.colcon_core.package_identification:_identify(.) by extension 'cmake'
[0.128s] Level 1:colcon.colcon_core.package_identification:_identify(.) by extension 'python'
[0.128s] Level 1:colcon.colcon_core.package_identification:_identify(.) by extensions ['python_setup_py']
[0.128s] Level 1:colcon.colcon_core.package_identification:_identify(.) by extension 'python_setup_py'
[0.128s] Level 1:colcon.colcon_core.package_identification:_identify(_csv_file) by extensions ['ignore', 'ignore_ament_install']
[0.128s] Level 1:colcon.colcon_core.package_identification:_identify(_csv_file) by extension 'ignore'
[0.129s] Level 1:colcon.colcon_core.package_identification:_identify(_csv_file) by extension 'ignore_ament_install'
[0.129s] Level 1:colcon.colcon_core.package_identification:_identify(_csv_file) by extensions ['colcon_pkg']
[0.129s] Level 1:colcon.colcon_core.package_identification:_identify(_csv_file) by extension 'colcon_pkg'
[0.129s] Level 1:colcon.colcon_core.package_identification:_identify(_csv_file) by extensions ['colcon_meta']
[0.129s] Level 1:colcon.colcon_core.package_identification:_identify(_csv_file) by extension 'colcon_meta'
[0.129s] Level 1:colcon.colcon_core.package_identification:_identify(_csv_file) by extensions ['ros']
[0.129s] Level 1:colcon.colcon_core.package_identification:_identify(_csv_file) by extension 'ros'
[0.129s] Level 1:colcon.colcon_core.package_identification:_identify(_csv_file) by extensions ['cmake', 'python']
[0.129s] Level 1:colcon.colcon_core.package_identification:_identify(_csv_file) by extension 'cmake'
[0.129s] Level 1:colcon.colcon_core.package_identification:_identify(_csv_file) by extension 'python'
[0.129s] Level 1:colcon.colcon_core.package_identification:_identify(_csv_file) by extensions ['python_setup_py']
[0.129s] Level 1:colcon.colcon_core.package_identification:_identify(_csv_file) by extension 'python_setup_py'
[0.129s] Level 1:colcon.colcon_core.package_identification:_identify(build) by extensions ['ignore', 'ignore_ament_install']
[0.129s] Level 1:colcon.colcon_core.package_identification:_identify(build) by extension 'ignore'
[0.129s] Level 1:colcon.colcon_core.package_identification:_identify(build) ignored
[0.129s] Level 1:colcon.colcon_core.package_identification:_identify(install) by extensions ['ignore', 'ignore_ament_install']
[0.129s] Level 1:colcon.colcon_core.package_identification:_identify(install) by extension 'ignore'
[0.129s] Level 1:colcon.colcon_core.package_identification:_identify(install) ignored
[0.129s] Level 1:colcon.colcon_core.package_identification:_identify(log) by extensions ['ignore', 'ignore_ament_install']
[0.129s] Level 1:colcon.colcon_core.package_identification:_identify(log) by extension 'ignore'
[0.129s] Level 1:colcon.colcon_core.package_identification:_identify(log) ignored
[0.129s] Level 1:colcon.colcon_core.package_identification:_identify(src) by extensions ['ignore', 'ignore_ament_install']
[0.129s] Level 1:colcon.colcon_core.package_identification:_identify(src) by extension 'ignore'
[0.129s] Level 1:colcon.colcon_core.package_identification:_identify(src) by extension 'ignore_ament_install'
[0.129s] Level 1:colcon.colcon_core.package_identification:_identify(src) by extensions ['colcon_pkg']
[0.129s] Level 1:colcon.colcon_core.package_identification:_identify(src) by extension 'colcon_pkg'
[0.130s] Level 1:colcon.colcon_core.package_identification:_identify(src) by extensions ['colcon_meta']
[0.130s] Level 1:colcon.colcon_core.package_identification:_identify(src) by extension 'colcon_meta'
[0.130s] Level 1:colcon.colcon_core.package_identification:_identify(src) by extensions ['ros']
[0.130s] Level 1:colcon.colcon_core.package_identification:_identify(src) by extension 'ros'
[0.130s] Level 1:colcon.colcon_core.package_identification:_identify(src) by extensions ['cmake', 'python']
[0.130s] Level 1:colcon.colcon_core.package_identification:_identify(src) by extension 'cmake'
[0.130s] Level 1:colcon.colcon_core.package_identification:_identify(src) by extension 'python'
[0.130s] Level 1:colcon.colcon_core.package_identification:_identify(src) by extensions ['python_setup_py']
[0.130s] Level 1:colcon.colcon_core.package_identification:_identify(src) by extension 'python_setup_py'
[0.130s] Level 1:colcon.colcon_core.package_identification:_identify(src/formation_task) by extensions ['ignore', 'ignore_ament_install']
[0.130s] Level 1:colcon.colcon_core.package_identification:_identify(src/formation_task) by extension 'ignore'
[0.130s] Level 1:colcon.colcon_core.package_identification:_identify(src/formation_task) by extension 'ignore_ament_install'
[0.130s] Level 1:colcon.colcon_core.package_identification:_identify(src/formation_task) by extensions ['colcon_pkg']
[0.130s] Level 1:colcon.colcon_core.package_identification:_identify(src/formation_task) by extension 'colcon_pkg'
[0.130s] Level 1:colcon.colcon_core.package_identification:_identify(src/formation_task) by extensions ['colcon_meta']
[0.130s] Level 1:colcon.colcon_core.package_identification:_identify(src/formation_task) by extension 'colcon_meta'
[0.130s] Level 1:colcon.colcon_core.package_identification:_identify(src/formation_task) by extensions ['ros']
[0.130s] Level 1:colcon.colcon_core.package_identification:_identify(src/formation_task) by extension 'ros'
[0.132s] DEBUG:colcon.colcon_core.package_identification:Package 'src/formation_task' with type 'ros.ament_python' and name 'formation_task'
[0.132s] Level 1:colcon.colcon_core.package_discovery:discover_packages(recursive) using defaults
[0.132s] Level 1:colcon.colcon_core.package_discovery:discover_packages(ignore) discover
[0.132s] Level 1:colcon.colcon_core.package_discovery:discover_packages(ignore) using defaults
[0.132s] Level 1:colcon.colcon_core.package_discovery:discover_packages(path) discover
[0.132s] Level 1:colcon.colcon_core.package_discovery:discover_packages(path) using defaults
[0.145s] Level 1:colcon.colcon_core.package_discovery:discover_packages(prefix_path) check parameters
[0.145s] Level 1:colcon.colcon_core.package_discovery:discover_packages(prefix_path) discover
[0.146s] DEBUG:colcon.colcon_installed_package_information.package_discovery:Found 256 installed packages in /opt/ros/foxy
[0.148s] Level 1:colcon.colcon_core.package_discovery:discover_packages(prefix_path) using defaults
[0.206s] Level 5:colcon.colcon_core.verb:set package 'formation_task' build argument 'cmake_args' from command line to 'None'
[0.206s] Level 5:colcon.colcon_core.verb:set package 'formation_task' build argument 'cmake_target' from command line to 'None'
[0.206s] Level 5:colcon.colcon_core.verb:set package 'formation_task' build argument 'cmake_target_skip_unavailable' from command line to 'False'
[0.206s] Level 5:colcon.colcon_core.verb:set package 'formation_task' build argument 'cmake_clean_cache' from command line to 'False'
[0.206s] Level 5:colcon.colcon_core.verb:set package 'formation_task' build argument 'cmake_clean_first' from command line to 'False'
[0.206s] Level 5:colcon.colcon_core.verb:set package 'formation_task' build argument 'cmake_force_configure' from command line to 'False'
[0.206s] Level 5:colcon.colcon_core.verb:set package 'formation_task' build argument 'ament_cmake_args' from command line to 'None'
[0.206s] Level 5:colcon.colcon_core.verb:set package 'formation_task' build argument 'catkin_cmake_args' from command line to 'None'
[0.206s] Level 5:colcon.colcon_core.verb:set package 'formation_task' build argument 'catkin_skip_building_tests' from command line to 'False'
[0.206s] DEBUG:colcon.colcon_core.verb:Building package 'formation_task' with the following arguments: {'ament_cmake_args': None, 'build_base': '/home/alessandro/PycharmProjects/Distributed_Autonomous_Systems_Project/Formation_Control_task/Formation_Control_task_ROS2/build/formation_task', 'catkin_cmake_args': None, 'catkin_skip_building_tests': False, 'cmake_args': None, 'cmake_clean_cache': False, 'cmake_clean_first': False, 'cmake_force_configure': False, 'cmake_target': None, 'cmake_target_skip_unavailable': False, 'install_base': '/home/alessandro/PycharmProjects/Distributed_Autonomous_Systems_Project/Formation_Control_task/Formation_Control_task_ROS2/install/formation_task', 'merge_install': False, 'path': '/home/alessandro/PycharmProjects/Distributed_Autonomous_Systems_Project/Formation_Control_task/Formation_Control_task_ROS2/src/formation_task', 'symlink_install': True, 'test_result_base': None}
[0.207s] INFO:colcon.colcon_core.executor:Executing jobs using 'parallel' executor
[0.208s] DEBUG:colcon.colcon_parallel_executor.executor.parallel:run_until_complete
[0.209s] INFO:colcon.colcon_ros.task.ament_python.build:Building ROS package in '/home/alessandro/PycharmProjects/Distributed_Autonomous_Systems_Project/Formation_Control_task/Formation_Control_task_ROS2/src/formation_task' with build type 'ament_python'
[0.209s] Level 1:colcon.colcon_core.shell:create_environment_hook('formation_task', 'ament_prefix_path')
[0.213s] INFO:colcon.colcon_core.plugin_system:Skipping extension 'colcon_core.shell.bat': Not used on non-Windows systems
[0.213s] INFO:colcon.colcon_core.shell:Creating environment hook '/home/alessandro/PycharmProjects/Distributed_Autonomous_Systems_Project/Formation_Control_task/Formation_Control_task_ROS2/install/formation_task/share/formation_task/hook/ament_prefix_path.ps1'
[0.213s] INFO:colcon.colcon_core.shell:Creating environment descriptor '/home/alessandro/PycharmProjects/Distributed_Autonomous_Systems_Project/Formation_Control_task/Formation_Control_task_ROS2/install/formation_task/share/formation_task/hook/ament_prefix_path.dsv'
[0.214s] INFO:colcon.colcon_core.shell:Creating environment hook '/home/alessandro/PycharmProjects/Distributed_Autonomous_Systems_Project/Formation_Control_task/Formation_Control_task_ROS2/install/formation_task/share/formation_task/hook/ament_prefix_path.sh'
[0.214s] INFO:colcon.colcon_core.shell:Skip shell extension 'powershell' for command environment: Not usable outside of PowerShell
[0.214s] DEBUG:colcon.colcon_core.shell:Skip shell extension 'dsv' for command environment
[0.388s] INFO:colcon.colcon_core.task.python.build:Building Python package in '/home/alessandro/PycharmProjects/Distributed_Autonomous_Systems_Project/Formation_Control_task/Formation_Control_task_ROS2/src/formation_task'
[0.389s] INFO:colcon.colcon_core.shell:Skip shell extension 'powershell' for command environment: Not usable outside of PowerShell
[0.390s] DEBUG:colcon.colcon_core.shell:Skip shell extension 'dsv' for command environment
[0.717s] DEBUG:colcon.colcon_core.event_handler.log_command:Invoking command in '/home/alessandro/PycharmProjects/Distributed_Autonomous_Systems_Project/Formation_Control_task/Formation_Control_task_ROS2/build/formation_task': PYTHONPATH=/home/alessandro/PycharmProjects/Distributed_Autonomous_Systems_Project/Formation_Control_task/Formation_Control_task_ROS2/install/formation_task/lib/python3.8/site-packages:${PYTHONPATH} /usr/bin/python3 setup.py develop --prefix /home/alessandro/PycharmProjects/Distributed_Autonomous_Systems_Project/Formation_Control_task/Formation_Control_task_ROS2/install/formation_task --editable --build-directory /home/alessandro/PycharmProjects/Distributed_Autonomous_Systems_Project/Formation_Control_task/Formation_Control_task_ROS2/build/formation_task/build --no-deps install_data --install-dir /home/alessandro/PycharmProjects/Distributed_Autonomous_Systems_Project/Formation_Control_task/Formation_Control_task_ROS2/install/formation_task
[1.091s] Level 1:colcon.colcon_core.shell:create_environment_hook('formation_task', 'pythonpath_develop')
[1.092s] INFO:colcon.colcon_core.shell:Creating environment hook '/home/alessandro/PycharmProjects/Distributed_Autonomous_Systems_Project/Formation_Control_task/Formation_Control_task_ROS2/build/formation_task/share/formation_task/hook/pythonpath_develop.ps1'
[1.094s] DEBUG:colcon.colcon_core.event_handler.log_command:Invoked command in '/home/alessandro/PycharmProjects/Distributed_Autonomous_Systems_Project/Formation_Control_task/Formation_Control_task_ROS2/build/formation_task' returned '0': PYTHONPATH=/home/alessandro/PycharmProjects/Distributed_Autonomous_Systems_Project/Formation_Control_task/Formation_Control_task_ROS2/install/formation_task/lib/python3.8/site-packages:${PYTHONPATH} /usr/bin/python3 setup.py develop --prefix /home/alessandro/PycharmProjects/Distributed_Autonomous_Systems_Project/Formation_Control_task/Formation_Control_task_ROS2/install/formation_task --editable --build-directory /home/alessandro/PycharmProjects/Distributed_Autonomous_Systems_Project/Formation_Control_task/Formation_Control_task_ROS2/build/formation_task/build --no-deps install_data --install-dir /home/alessandro/PycharmProjects/Distributed_Autonomous_Systems_Project/Formation_Control_task/Formation_Control_task_ROS2/install/formation_task
[1.095s] INFO:colcon.colcon_core.shell:Creating environment descriptor '/home/alessandro/PycharmProjects/Distributed_Autonomous_Systems_Project/Formation_Control_task/Formation_Control_task_ROS2/build/formation_task/share/formation_task/hook/pythonpath_develop.dsv'
[1.096s] INFO:colcon.colcon_core.shell:Creating environment hook '/home/alessandro/PycharmProjects/Distributed_Autonomous_Systems_Project/Formation_Control_task/Formation_Control_task_ROS2/build/formation_task/share/formation_task/hook/pythonpath_develop.sh'
[1.101s] Level 1:colcon.colcon_core.environment:checking '/home/alessandro/PycharmProjects/Distributed_Autonomous_Systems_Project/Formation_Control_task/Formation_Control_task_ROS2/install/formation_task' for CMake module files
[1.102s] Level 1:colcon.colcon_core.environment:checking '/home/alessandro/PycharmProjects/Distributed_Autonomous_Systems_Project/Formation_Control_task/Formation_Control_task_ROS2/install/formation_task' for CMake config files
[1.102s] Level 1:colcon.colcon_core.environment:checking '/home/alessandro/PycharmProjects/Distributed_Autonomous_Systems_Project/Formation_Control_task/Formation_Control_task_ROS2/install/formation_task/lib'
[1.102s] Level 1:colcon.colcon_core.environment:checking '/home/alessandro/PycharmProjects/Distributed_Autonomous_Systems_Project/Formation_Control_task/Formation_Control_task_ROS2/install/formation_task/bin'
[1.102s] Level 1:colcon.colcon_core.environment:checking '/home/alessandro/PycharmProjects/Distributed_Autonomous_Systems_Project/Formation_Control_task/Formation_Control_task_ROS2/install/formation_task/lib/pkgconfig/formation_task.pc'
[1.102s] Level 1:colcon.colcon_core.environment:checking '/home/alessandro/PycharmProjects/Distributed_Autonomous_Systems_Project/Formation_Control_task/Formation_Control_task_ROS2/install/formation_task/lib/python3.8/site-packages'
[1.102s] Level 1:colcon.colcon_core.shell:create_environment_hook('formation_task', 'pythonpath')
[1.103s] INFO:colcon.colcon_core.shell:Creating environment hook '/home/alessandro/PycharmProjects/Distributed_Autonomous_Systems_Project/Formation_Control_task/Formation_Control_task_ROS2/install/formation_task/share/formation_task/hook/pythonpath.ps1'
[1.103s] INFO:colcon.colcon_core.shell:Creating environment descriptor '/home/alessandro/PycharmProjects/Distributed_Autonomous_Systems_Project/Formation_Control_task/Formation_Control_task_ROS2/install/formation_task/share/formation_task/hook/pythonpath.dsv'
[1.103s] INFO:colcon.colcon_core.shell:Creating environment hook '/home/alessandro/PycharmProjects/Distributed_Autonomous_Systems_Project/Formation_Control_task/Formation_Control_task_ROS2/install/formation_task/share/formation_task/hook/pythonpath.sh'
[1.104s] Level 1:colcon.colcon_core.environment:checking '/home/alessandro/PycharmProjects/Distributed_Autonomous_Systems_Project/Formation_Control_task/Formation_Control_task_ROS2/install/formation_task/bin'
[1.104s] Level 1:colcon.colcon_core.environment:create_environment_scripts_only(formation_task)
[1.104s] INFO:colcon.colcon_core.shell:Creating package script '/home/alessandro/PycharmProjects/Distributed_Autonomous_Systems_Project/Formation_Control_task/Formation_Control_task_ROS2/install/formation_task/share/formation_task/package.ps1'
[1.105s] INFO:colcon.colcon_core.shell:Creating package descriptor '/home/alessandro/PycharmProjects/Distributed_Autonomous_Systems_Project/Formation_Control_task/Formation_Control_task_ROS2/install/formation_task/share/formation_task/package.dsv'
[1.105s] INFO:colcon.colcon_core.shell:Creating package script '/home/alessandro/PycharmProjects/Distributed_Autonomous_Systems_Project/Formation_Control_task/Formation_Control_task_ROS2/install/formation_task/share/formation_task/package.sh'
[1.106s] INFO:colcon.colcon_core.shell:Creating package script '/home/alessandro/PycharmProjects/Distributed_Autonomous_Systems_Project/Formation_Control_task/Formation_Control_task_ROS2/install/formation_task/share/formation_task/package.bash'
[1.106s] INFO:colcon.colcon_core.shell:Creating package script '/home/alessandro/PycharmProjects/Distributed_Autonomous_Systems_Project/Formation_Control_task/Formation_Control_task_ROS2/install/formation_task/share/formation_task/package.zsh'
[1.107s] Level 1:colcon.colcon_core.environment:create_file_with_runtime_dependencies(/home/alessandro/PycharmProjects/Distributed_Autonomous_Systems_Project/Formation_Control_task/Formation_Control_task_ROS2/install/formation_task/share/colcon-core/packages/formation_task)
[1.107s] DEBUG:colcon.colcon_parallel_executor.executor.parallel:closing loop
[1.107s] DEBUG:colcon.colcon_parallel_executor.executor.parallel:loop closed
[1.107s] DEBUG:colcon.colcon_parallel_executor.executor.parallel:run_until_complete finished with '0'
[1.107s] DEBUG:colcon.colcon_core.event_reactor:joining thread
[1.118s] INFO:colcon.colcon_core.plugin_system:Skipping extension 'colcon_notification.desktop_notification.terminal_notifier': Not used on non-Darwin systems
[1.118s] INFO:colcon.colcon_core.plugin_system:Skipping extension 'colcon_notification.desktop_notification.win32': Not used on non-Windows systems
[1.118s] INFO:colcon.colcon_notification.desktop_notification:Sending desktop notification using 'notify2'
[1.136s] DEBUG:colcon.colcon_core.event_reactor:joined thread
[1.137s] INFO:colcon.colcon_core.shell:Creating prefix script '/home/alessandro/PycharmProjects/Distributed_Autonomous_Systems_Project/Formation_Control_task/Formation_Control_task_ROS2/install/local_setup.ps1'
[1.138s] INFO:colcon.colcon_core.shell:Creating prefix util module '/home/alessandro/PycharmProjects/Distributed_Autonomous_Systems_Project/Formation_Control_task/Formation_Control_task_ROS2/install/_local_setup_util_ps1.py'
[1.139s] INFO:colcon.colcon_core.shell:Creating prefix chain script '/home/alessandro/PycharmProjects/Distributed_Autonomous_Systems_Project/Formation_Control_task/Formation_Control_task_ROS2/install/setup.ps1'
[1.141s] INFO:colcon.colcon_core.shell:Creating prefix script '/home/alessandro/PycharmProjects/Distributed_Autonomous_Systems_Project/Formation_Control_task/Formation_Control_task_ROS2/install/local_setup.sh'
[1.143s] INFO:colcon.colcon_core.shell:Creating prefix util module '/home/alessandro/PycharmProjects/Distributed_Autonomous_Systems_Project/Formation_Control_task/Formation_Control_task_ROS2/install/_local_setup_util_sh.py'
[1.144s] INFO:colcon.colcon_core.shell:Creating prefix chain script '/home/alessandro/PycharmProjects/Distributed_Autonomous_Systems_Project/Formation_Control_task/Formation_Control_task_ROS2/install/setup.sh'
[1.146s] INFO:colcon.colcon_core.shell:Creating prefix script '/home/alessandro/PycharmProjects/Distributed_Autonomous_Systems_Project/Formation_Control_task/Formation_Control_task_ROS2/install/local_setup.bash'
[1.148s] INFO:colcon.colcon_core.shell:Creating prefix chain script '/home/alessandro/PycharmProjects/Distributed_Autonomous_Systems_Project/Formation_Control_task/Formation_Control_task_ROS2/install/setup.bash'
[1.149s] INFO:colcon.colcon_core.shell:Creating prefix script '/home/alessandro/PycharmProjects/Distributed_Autonomous_Systems_Project/Formation_Control_task/Formation_Control_task_ROS2/install/local_setup.zsh'
[1.149s] INFO:colcon.colcon_core.shell:Creating prefix chain script '/home/alessandro/PycharmProjects/Distributed_Autonomous_Systems_Project/Formation_Control_task/Formation_Control_task_ROS2/install/setup.zsh'
